<?xml version="1.0" encoding="UTF-8"?>
<testng-results skipped="0" failed="0" total="1" passed="1">
  <reporter-output>
  </reporter-output>
  <suite name="YT" duration-ms="41" started-at="2017-04-18T10:10:52Z" finished-at="2017-04-18T10:10:52Z">
    <groups>
    </groups>
    <test name="GURU99TestNGAnt" duration-ms="41" started-at="2017-04-18T10:10:52Z" finished-at="2017-04-18T10:10:52Z">
      <class name="testAnt.Guru99AntClass">
        <test-method status="PASS" signature="Guru99AntTestNGMethod()[pri:0, instance:testAnt.Guru99AntClass@4afd8d]" name="Guru99AntTestNGMethod" duration-ms="29" started-at="2017-04-18T15:40:52Z" finished-at="2017-04-18T15:40:52Z">
          <reporter-output>
          </reporter-output>
        </test-method> <!-- Guru99AntTestNGMethod -->
      </class> <!-- testAnt.Guru99AntClass -->
    </test> <!-- GURU99TestNGAnt -->
  </suite> <!-- YT -->
</testng-results>
